2026-03-11 17:42:59,773 - INFO - <module> : This is an info message
2026-03-11 17:42:59,773 - WARNING - <module> : This is a warning message
2026-03-11 17:42:59,773 - ERROR - <module> : This is an error message
2026-03-11 17:43:08,933 - INFO - <module> : This is an info message
2026-03-11 17:43:08,933 - WARNING - <module> : This is a warning message
2026-03-11 17:43:08,933 - ERROR - <module> : This is an error message
2026-03-11 17:51:09,573 - WARNING - TestExample : url validation passed
2026-03-11 17:51:39,245 - INFO - TestExample : url validation passed
2026-03-11 20:33:38,111 - INFO - TestExample : url validation passed
2026-03-11 22:26:26,785 - INFO - test_url_test : url validation passed
2026-03-11 22:36:37,781 - INFO - verify_url : url validation passed
2026-03-11 22:36:54,173 - INFO - verify_url : url validation passed
2026-03-11 22:37:22,148 - INFO - verify_url : url validation passed
2026-03-12 11:38:17,115 - INFO - verify_url : url validation passed
2026-03-12 22:45:45,255 - INFO - TablePage : intermediate level unselected
2026-03-12 22:45:45,337 - INFO - TablePage : advanced level unselected
2026-03-12 22:47:59,397 - INFO - TablePage : blank value....
2026-03-12 22:47:59,422 - INFO - TablePage : blank value....
2026-03-12 22:47:59,444 - INFO - TablePage : blank value....
2026-03-12 22:48:10,412 - INFO - TablePage : intermediate level unselected
2026-03-12 22:48:10,508 - INFO - TablePage : advanced level unselected
2026-03-12 22:48:10,999 - INFO - TablePage : blank value....
2026-03-12 22:48:11,025 - INFO - TablePage : blank value....
2026-03-12 22:48:11,051 - INFO - TablePage : blank value....
2026-03-12 22:48:11,089 - INFO - TablePage : blank value....
2026-03-12 22:48:40,500 - INFO - TablePage : blank value....
2026-03-12 22:48:40,549 - INFO - TablePage : blank value....
2026-03-12 22:48:40,573 - INFO - TablePage : blank value....
2026-03-12 22:48:52,308 - INFO - TablePage : intermediate level unselected
2026-03-12 22:48:52,465 - INFO - TablePage : advanced level unselected
2026-03-12 22:48:53,096 - INFO - TablePage : blank value....
2026-03-12 22:48:53,126 - INFO - TablePage : blank value....
2026-03-12 22:48:53,162 - INFO - TablePage : blank value....
2026-03-12 22:48:53,191 - INFO - TablePage : blank value....
2026-03-12 22:49:40,057 - INFO - TablePage : blank value....
2026-03-12 22:49:40,075 - INFO - TablePage : blank value....
2026-03-12 22:49:40,094 - INFO - TablePage : blank value....
2026-03-12 22:49:51,482 - INFO - TablePage : intermediate level unselected
2026-03-12 22:49:51,629 - INFO - TablePage : advanced level unselected
2026-03-12 22:49:52,027 - INFO - TablePage : blank value....
2026-03-12 22:49:52,050 - INFO - TablePage : blank value....
2026-03-12 22:49:52,064 - INFO - TablePage : blank value....
2026-03-12 22:49:52,081 - INFO - TablePage : blank value....
2026-03-12 22:50:24,650 - INFO - TablePage : blank value....
2026-03-12 22:50:24,667 - INFO - TablePage : blank value....
2026-03-12 22:50:24,680 - INFO - TablePage : blank value....
2026-03-12 22:50:32,687 - INFO - TablePage : intermediate level unselected
2026-03-12 22:50:32,806 - INFO - TablePage : advanced level unselected
2026-03-12 22:50:33,259 - INFO - TablePage : blank value....
2026-03-12 22:50:33,280 - INFO - TablePage : blank value....
2026-03-12 22:50:33,302 - INFO - TablePage : blank value....
2026-03-12 22:50:33,322 - INFO - TablePage : blank value....
2026-03-12 22:51:06,847 - INFO - TablePage : blank value....
2026-03-12 22:51:06,864 - INFO - TablePage : blank value....
2026-03-12 22:51:06,883 - INFO - TablePage : blank value....
2026-03-12 22:51:14,542 - INFO - TablePage : intermediate level unselected
2026-03-12 22:51:14,633 - INFO - TablePage : advanced level unselected
2026-03-12 22:51:15,071 - INFO - TablePage : blank value....
2026-03-12 22:51:15,082 - INFO - TablePage : blank value....
2026-03-12 22:51:15,100 - INFO - TablePage : blank value....
2026-03-12 22:51:15,115 - INFO - TablePage : blank value....
2026-03-12 22:52:20,780 - INFO - TablePage : blank value....
2026-03-12 22:52:20,795 - INFO - TablePage : blank value....
2026-03-12 22:52:20,812 - INFO - TablePage : blank value....
2026-03-12 22:52:34,120 - INFO - TablePage : intermediate level unselected
2026-03-12 22:52:34,217 - INFO - TablePage : advanced level unselected
2026-03-12 22:52:34,622 - INFO - TablePage : blank value....
2026-03-12 22:52:34,640 - INFO - TablePage : blank value....
2026-03-12 22:52:34,657 - INFO - TablePage : blank value....
2026-03-12 22:52:34,674 - INFO - TablePage : blank value....
2026-03-12 23:31:25,169 - INFO - TablePage : blank value....
2026-03-12 23:31:25,208 - INFO - TablePage : blank value....
2026-03-12 23:31:25,222 - INFO - TablePage : blank value....
2026-03-12 23:31:34,876 - INFO - TablePage : intermediate level unselected
2026-03-12 23:31:35,002 - INFO - TablePage : advanced level unselected
2026-03-12 23:31:35,677 - INFO - TablePage : blank value....
2026-03-12 23:31:35,690 - INFO - TablePage : blank value....
2026-03-12 23:31:35,697 - INFO - TablePage : blank value....
2026-03-12 23:31:35,702 - INFO - TablePage : blank value....
